Arguments: 
  /home/jcl/.nvm/versions/node/v12.18.0/bin/node /mnt/c/Program Files/nodejs/node_modules/yarn/bin/yarn.js install

PATH: 
  /home/jcl/.nvm/versions/node/v12.18.0/bin:/usr/local/sbin:/usr/local/bin:/usr/sbin:/usr/bin:/sbin:/bin:/usr/games:/usr/local/games:/mnt/c/Windows/system32:/mnt/c/Windows:/mnt/c/Windows/System32/Wbem:/mnt/c/Windows/System32/WindowsPowerShell/v1.0/:/mnt/c/Windows/System32/OpenSSH/:/mnt/c/ProgramData/chocolatey/bin:/mnt/d/worktool/nvm:/mnt/c/Program Files/nodejs:/mnt/c/Users/jiachenglong/AppData/Local/Microsoft/WindowsApps:/mnt/c/Users/jiachenglong/AppData/Local/Programs/Git/cmd:/mnt/d/worktool/nvm:/mnt/c/Program Files/nodejs:/mnt/d/worktool/Microsoft VS Code/bin

Yarn version: 
  1.22.11

Node version: 
  12.18.0

Platform: 
  linux x64

Trace: 
  Error: EINVAL: invalid argument, unlink '/mnt/d/jcl_code/webpack-demo/node_modules/micromatch/node_modules/define-property'

npm manifest: 
  {
    "name": "dive-into-webpack",
    "version": "1.0.0",
    "scripts": {
      "dev": "webpack-dev-server --hot --devtool source-map",
      "build": "webpack --watch --config build/webpack.config.js",
      "build2": "webpack --config webpack.config.js"
    },
    "dependencies": {},
    "devDependencies": {
      "css-loader": "^0.28.4",
      "extract-text-webpack-plugin": "^3.0.2",
      "mini-css-extract-plugin": "^2.1.0",
      "style-loader": "^0.18.2",
      "webpack": "^3.4.0",
      "webpack-dev-server": "^2.6.1"
    }
  }

yarn manifest: 
  No manifest

Lockfile: 
  No lockfile
